-------------------------------------------------------------------------------
Test set: FlightServiceTest
-------------------------------------------------------------------------------
Tests run: 1, Failures: 0, Errors: 1, Skipped: 0, Time elapsed: 0.001 s <<< FAILURE! - in FlightServiceTest
FlightServiceTest  Time elapsed: 0.001 s  <<< ERROR!
org.junit.platform.commons.JUnitException: @BeforeAll method 'public void FlightServiceTest.beforeTest()' must be static unless the test class is annotated with @TestInstance(Lifecycle.PER_CLASS).

