-------------------------------------------------------------------------------
Test set: UserServiceTest
-------------------------------------------------------------------------------
Tests run: 1, Failures: 0, Errors: 1, Skipped: 0, Time elapsed: 0 s <<< FAILURE! - in UserServiceTest
UserServiceTest  Time elapsed: 0 s  <<< ERROR!
org.junit.platform.commons.JUnitException: @BeforeAll method 'public void UserServiceTest.beforeTest()' must be static unless the test class is annotated with @TestInstance(Lifecycle.PER_CLASS).

